#
# There is insufficient memory for the Java Runtime Environment to continue.
# Native memory allocation (malloc) failed to allocate 472496 bytes. Error detail: Chunk::new
# Possible reasons:
#   The system is out of physical RAM or swap space
#   This process is running with CompressedOops enabled, and the Java Heap may be blocking the growth of the native heap
# Possible solutions:
#   Reduce memory load on the system
#   Increase physical memory or swap space
#   Check if swap backing store is full
#   Decrease Java heap size (-Xmx/-Xms)
#   Decrease number of Java threads
#   Decrease Java thread stack sizes (-Xss)
#   Set larger code cache with -XX:ReservedCodeCacheSize=
#   JVM is running with Unscaled Compressed Oops mode in which the Java heap is
#     placed in the first 4GB address space. The Java Heap base address is the
#     maximum limit for the native heap growth. Please use -XX:HeapBaseMinAddress
#     to set the Java Heap base and to place the Java Heap above 4GB virtual address.
# This output file may be truncated or incomplete.
#
#  Out of Memory Error (arena.cpp:191), pid=18480, tid=5112
#
# JRE version: OpenJDK Runtime Environment Temurin-17.0.12+7 (17.0.12+7) (build 17.0.12+7)
# Java VM: OpenJDK 64-Bit Server VM Temurin-17.0.12+7 (17.0.12+7, mixed mode, tiered, compressed oops, compressed class ptrs, parallel gc, windows-amd64)
# No core dump will be written. Minidumps are not enabled by default on client versions of Windows
#

---------------  S U M M A R Y ------------

Command Line: --add-modules=ALL-SYSTEM --add-opens=java.base/java.util=ALL-UNNAMED --add-opens=java.base/java.lang=ALL-UNNAMED --add-opens=java.base/sun.nio.fs=ALL-UNNAMED -Declipse.application=org.eclipse.jdt.ls.core.id1 -Dosgi.bundles.defaultStartLevel=4 -Declipse.product=org.eclipse.jdt.ls.core.product -Djava.import.generatesMetadataFilesAtProjectRoot=false -DDetectVMInstallationsJob.disabled=true -Dfile.encoding=utf8 -XX:+UseParallelGC -XX:GCTimeRatio=4 -XX:AdaptiveSizePolicyWeight=90 -Dsun.zip.disableMemoryMapping=true -Xmx1G -Xms100m -Xlog:disable -javaagent:c:\Users\siako\.vscode\extensions\redhat.java-1.35.1-win32-x64\lombok\lombok-1.18.33.jar -XX:+HeapDumpOnOutOfMemoryError -XX:HeapDumpPath=c:\Users\siako\AppData\Roaming\Code\User\workspaceStorage\c2bc461bd057eea92bbd551415d8602b\redhat.java -Daether.dependencyCollector.impl=bf c:\Users\siako\.vscode\extensions\redhat.java-1.35.1-win32-x64\server\plugins\org.eclipse.equinox.launcher_1.6.900.v20240613-2009.jar -configuration c:\Users\siako\AppData\Roaming\Code\User\globalStorage\redhat.java\1.35.1\config_win -data c:\Users\siako\AppData\Roaming\Code\User\workspaceStorage\c2bc461bd057eea92bbd551415d8602b\redhat.java\jdt_ws --pipe=\\.\pipe\lsp-63f1b42713f0b01585be4a6d5203f075-sock

Host: Intel(R) Core(TM) i5-4670 CPU @ 3.40GHz, 4 cores, 11G,  Windows 10 , 64 bit Build 19041 (10.0.19041.4957)
Time: Fri Oct 11 09:21:34 2024 Malay Peninsula Standard Time elapsed time: 14.870542 seconds (0d 0h 0m 14s)

---------------  T H R E A D  ---------------

Current thread (0x000001aee119a620):  JavaThread "C2 CompilerThread0" daemon [_thread_in_native, id=5112, stack(0x0000006d4fe00000,0x0000006d4ff00000)]


Current CompileTask:
C2:  14870 7641   !   4       org.eclipse.osgi.internal.weaving.WeavingHookConfigurator::processClass (245 bytes)

Stack: [0x0000006d4fe00000,0x0000006d4ff00000]
Native frames: (J=compiled Java code, j=interpreted, Vv=VM code, C=native code)
V  [jvm.dll+0x67f929]
V  [jvm.dll+0x8371ba]
V  [jvm.dll+0x838c7e]
V  [jvm.dll+0x8392e3]
V  [jvm.dll+0x24834f]
V  [jvm.dll+0xac9d4]
V  [jvm.dll+0xad01c]
V  [jvm.dll+0x367452]
V  [jvm.dll+0x33197a]
V  [jvm.dll+0x330e1a]
V  [jvm.dll+0x21a8b1]
V  [jvm.dll+0x219cf1]
V  [jvm.dll+0x1a58bd]
V  [jvm.dll+0x229a2d]
V  [jvm.dll+0x227bdc]
V  [jvm.dll+0x7ec1f7]
V  [jvm.dll+0x7e65dc]
V  [jvm.dll+0x67e7f7]
C  [ucrtbase.dll+0x21bb2]
C  [KERNEL32.DLL+0x17374]
C  [ntdll.dll+0x4cc91]


---------------  P R O C E S S  ---------------

Threads class SMR info:
_java_thread_list=0x000001aee8db0640, length=38, elements={
0x000001aecd31ad00, 0x000001aecd3ecd00, 0x000001aecd3ee910, 0x000001aee1196150,
0x000001aee1196fd0, 0x000001aee1197d50, 0x000001aee1199880, 0x000001aee119a620,
0x000001aee11cd130, 0x000001aee11cdee0, 0x000001aecd38f7f0, 0x000001aee65eda40,
0x000001aee6c6ccb0, 0x000001aee6e92900, 0x000001aee6e94df0, 0x000001aee73a5030,
0x000001aee74a5120, 0x000001aee74a74b0, 0x000001aee74a5650, 0x000001aee74a5b60,
0x000001aee74a83e0, 0x000001aee74a6a90, 0x000001aee74a6070, 0x000001aee74a79c0,
0x000001aee74a88f0, 0x000001aee74a6580, 0x000001aee74a8e00, 0x000001aee74a7ed0,
0x000001aeea003100, 0x000001aeea00a570, 0x000001aeea009130, 0x000001aeea004a50,
0x000001aeea007cf0, 0x000001aee9c25a50, 0x000001aeea008200, 0x000001aeea0077e0,
0x000001aeea008710, 0x000001aeea006dc0
}

Java Threads: ( => current thread )
  0x000001aecd31ad00 JavaThread "main" [_thread_blocked, id=9376, stack(0x0000006d4f500000,0x0000006d4f600000)]
  0x000001aecd3ecd00 JavaThread "Reference Handler" daemon [_thread_blocked, id=5676, stack(0x0000006d4f800000,0x0000006d4f900000)]
  0x000001aecd3ee910 JavaThread "Finalizer" daemon [_thread_blocked, id=60, stack(0x0000006d4f900000,0x0000006d4fa00000)]
  0x000001aee1196150 JavaThread "Signal Dispatcher" daemon [_thread_blocked, id=14928, stack(0x0000006d4fa00000,0x0000006d4fb00000)]
  0x000001aee1196fd0 JavaThread "Attach Listener" daemon [_thread_blocked, id=16780, stack(0x0000006d4fb00000,0x0000006d4fc00000)]
  0x000001aee1197d50 JavaThread "Service Thread" daemon [_thread_blocked, id=9424, stack(0x0000006d4fc00000,0x0000006d4fd00000)]
  0x000001aee1199880 JavaThread "Monitor Deflation Thread" daemon [_thread_blocked, id=1924, stack(0x0000006d4fd00000,0x0000006d4fe00000)]
=>0x000001aee119a620 JavaThread "C2 CompilerThread0" daemon [_thread_in_native, id=5112, stack(0x0000006d4fe00000,0x0000006d4ff00000)]
  0x000001aee11cd130 JavaThread "C1 CompilerThread0" daemon [_thread_blocked, id=3608, stack(0x0000006d4ff00000,0x0000006d50000000)]
  0x000001aee11cdee0 JavaThread "Sweeper thread" daemon [_thread_blocked, id=9328, stack(0x0000006d50000000,0x0000006d50100000)]
  0x000001aecd38f7f0 JavaThread "Common-Cleaner" daemon [_thread_blocked, id=5788, stack(0x0000006d50100000,0x0000006d50200000)]
  0x000001aee65eda40 JavaThread "Notification Thread" daemon [_thread_blocked, id=18312, stack(0x0000006d50200000,0x0000006d50300000)]
  0x000001aee6c6ccb0 JavaThread "Active Thread: Equinox Container: 6f645432-2c13-4234-b313-c52cfb0da7f7" [_thread_blocked, id=20576, stack(0x0000006d50800000,0x0000006d50900000)]
  0x000001aee6e92900 JavaThread "Framework Event Dispatcher: Equinox Container: 6f645432-2c13-4234-b313-c52cfb0da7f7" daemon [_thread_blocked, id=3324, stack(0x0000006d50900000,0x0000006d50a00000)]
  0x000001aee6e94df0 JavaThread "Start Level: Equinox Container: 6f645432-2c13-4234-b313-c52cfb0da7f7" daemon [_thread_blocked, id=18784, stack(0x0000006d50a00000,0x0000006d50b00000)]
  0x000001aee73a5030 JavaThread "Bundle File Closer" daemon [_thread_blocked, id=1608, stack(0x0000006d50b00000,0x0000006d50c00000)]
  0x000001aee74a5120 JavaThread "SCR Component Actor" daemon [_thread_blocked, id=10444, stack(0x0000006d50c00000,0x0000006d50d00000)]
  0x000001aee74a74b0 JavaThread "Worker-JM" [_thread_blocked, id=6212, stack(0x0000006d50700000,0x0000006d50800000)]
  0x000001aee74a5650 JavaThread "JNA Cleaner" daemon [_thread_blocked, id=14164, stack(0x0000006d50e00000,0x0000006d50f00000)]
  0x000001aee74a5b60 JavaThread "Worker-0: Initialize workspace" [_thread_blocked, id=13684, stack(0x0000006d50f00000,0x0000006d51000000)]
  0x000001aee74a83e0 JavaThread "Worker-1" [_thread_blocked, id=20980, stack(0x0000006d51000000,0x0000006d51100000)]
  0x000001aee74a6a90 JavaThread "Worker-2: Building" [_thread_in_native, id=12324, stack(0x0000006d51200000,0x0000006d51300000)]
  0x000001aee74a6070 JavaThread "Java indexing" daemon [_thread_in_native, id=21428, stack(0x0000006d51300000,0x0000006d51400000)]
  0x000001aee74a79c0 JavaThread "Worker-3" [_thread_blocked, id=12396, stack(0x0000006d51400000,0x0000006d51500000)]
  0x000001aee74a88f0 JavaThread "Thread-2" daemon [_thread_in_native, id=12428, stack(0x0000006d51500000,0x0000006d51600000)]
  0x000001aee74a6580 JavaThread "Thread-3" daemon [_thread_in_native, id=9096, stack(0x0000006d51600000,0x0000006d51700000)]
  0x000001aee74a8e00 JavaThread "Thread-4" daemon [_thread_in_native, id=5596, stack(0x0000006d51700000,0x0000006d51800000)]
  0x000001aee74a7ed0 JavaThread "Thread-5" daemon [_thread_in_native, id=11640, stack(0x0000006d51800000,0x0000006d51900000)]
  0x000001aeea003100 JavaThread "Thread-6" daemon [_thread_in_native, id=18688, stack(0x0000006d51900000,0x0000006d51a00000)]
  0x000001aeea00a570 JavaThread "pool-2-thread-1" [_thread_blocked, id=21000, stack(0x0000006d51a00000,0x0000006d51b00000)]
  0x000001aeea009130 JavaThread "WorkspaceEventsHandler" [_thread_blocked, id=7636, stack(0x0000006d51b00000,0x0000006d51c00000)]
  0x000001aeea004a50 JavaThread "pool-1-thread-1" [_thread_blocked, id=3576, stack(0x0000006d51c00000,0x0000006d51d00000)]
  0x000001aeea007cf0 JavaThread "Worker-4" [_thread_blocked, id=8076, stack(0x0000006d51100000,0x0000006d51200000)]
  0x000001aee9c25a50 JavaThread "C2 CompilerThread1" daemon [_thread_in_native, id=19208, stack(0x0000006d50d00000,0x0000006d50e00000)]
  0x000001aeea008200 JavaThread "ForkJoinPool.commonPool-worker-1" daemon [_thread_in_native, id=14592, stack(0x0000006d51d00000,0x0000006d51e00000)]
  0x000001aeea0077e0 JavaThread "ForkJoinPool.commonPool-worker-2" daemon [_thread_blocked, id=19756, stack(0x0000006d51e00000,0x0000006d51f00000)]
  0x000001aeea008710 JavaThread "Worker-5" [_thread_blocked, id=17888, stack(0x0000006d51f00000,0x0000006d52000000)]
  0x000001aeea006dc0 JavaThread "ForkJoinPool.commonPool-worker-3" daemon [_thread_blocked, id=9976, stack(0x0000006d52000000,0x0000006d52100000)]

Other Threads:
  0x000001aee115c7f0 VMThread "VM Thread" [stack: 0x0000006d4f700000,0x0000006d4f800000] [id=15628]
  0x000001aee65edf20 WatcherThread [stack: 0x0000006d50300000,0x0000006d50400000] [id=18496]
  0x000001aecd341d40 GCTaskThread "GC Thread#0" [stack: 0x0000006d4f600000,0x0000006d4f700000] [id=16892]
  0x000001aee6bd63a0 GCTaskThread "GC Thread#1" [stack: 0x0000006d50400000,0x0000006d50500000] [id=5412]
  0x000001aee6cf2040 GCTaskThread "GC Thread#2" [stack: 0x0000006d50500000,0x0000006d50600000] [id=8724]
  0x000001aee6cf2300 GCTaskThread "GC Thread#3" [stack: 0x0000006d50600000,0x0000006d50700000] [id=5828]

Threads with active compile tasks:
C2 CompilerThread0    14904 7641   !   4       org.eclipse.osgi.internal.weaving.WeavingHookConfigurator::processClass (245 bytes)
C2 CompilerThread1    14904 7646   !   4       org.eclipse.osgi.internal.hooks.EclipseLazyStarter::postFindLocalClass (394 bytes)

VM state: not at safepoint (normal execution)

VM Mutex/Monitor currently owned by a thread: None

Heap address: 0x00000000c0000000, size: 1024 MB, Compressed Oops mode: 32-bit

CDS archive(s) not mapped
Compressed class space mapped at: 0x0000000100000000-0x0000000140000000, reserved size: 1073741824
Narrow klass base: 0x0000000000000000, Narrow klass shift: 3, Narrow klass range: 0x140000000

GC Precious Log:
 CPUs: 4 total, 4 available
 Memory: 12215M
 Large Page Support: Disabled
 NUMA Support: Disabled
 Compressed Oops: Enabled (32-bit)
 Alignments: Space 512K, Generation 512K, Heap 2M
 Heap Min Capacity: 100M
 Heap Initial Capacity: 100M
 Heap Max Capacity: 1G
 Pre-touch: Disabled
 Parallel Workers: 4

Heap:
 PSYoungGen      total 20480K, used 16756K [0x00000000eab00000, 0x00000000ec500000, 0x0000000100000000)
  eden space 17408K, 78% used [0x00000000eab00000,0x00000000eb863878,0x00000000ebc00000)
  from space 3072K, 99% used [0x00000000ebc00000,0x00000000ebef9810,0x00000000ebf00000)
  to   space 4608K, 0% used [0x00000000ec080000,0x00000000ec080000,0x00000000ec500000)
 ParOldGen       total 68608K, used 37688K [0x00000000c0000000, 0x00000000c4300000, 0x00000000eab00000)
  object space 68608K, 54% used [0x00000000c0000000,0x00000000c24ce2f8,0x00000000c4300000)
 Metaspace       used 65690K, committed 66816K, reserved 1114112K
  class space    used 6961K, committed 7424K, reserved 1048576K

Card table byte_map: [0x000001aecccd0000,0x000001aeccee0000] _byte_map_base: 0x000001aecc6d0000

Marking Bits: (ParMarkBitMap*) 0x00007ffeb8b358b0
 Begin Bits: [0x000001aedefd0000, 0x000001aedffd0000)
 End Bits:   [0x000001aedffd0000, 0x000001aee0fd0000)

Polling page: 0x000001aecb250000

Metaspace:

Usage:
  Non-class:     57.35 MB used.
      Class:      6.80 MB used.
       Both:     64.15 MB used.

Virtual space:
  Non-class space:       64.00 MB reserved,      58.00 MB ( 91%) committed,  1 nodes.
      Class space:        1.00 GB reserved,       7.25 MB ( <1%) committed,  1 nodes.
             Both:        1.06 GB reserved,      65.25 MB (  6%) committed. 

Chunk freelists:
   Non-Class:  5.41 MB
       Class:  8.78 MB
        Both:  14.19 MB

MaxMetaspaceSize: unlimited
CompressedClassSpaceSize: 1.00 GB
Initial GC threshold: 21.00 MB
Current GC threshold: 97.31 MB
CDS: off
MetaspaceReclaimPolicy: balanced
 - commit_granule_bytes: 65536.
 - commit_granule_words: 8192.
 - virtual_space_node_default_size: 8388608.
 - enlarge_chunks_in_place: 1.
 - new_chunks_are_fully_committed: 0.
 - uncommit_free_chunks: 1.
 - use_allocation_guard: 0.
 - handle_deallocations: 1.


Internal statistics:

num_allocs_failed_limit: 9.
num_arena_births: 638.
num_arena_deaths: 14.
num_vsnodes_births: 2.
num_vsnodes_deaths: 0.
num_space_committed: 1044.
num_space_uncommitted: 0.
num_chunks_returned_to_freelist: 23.
num_chunks_taken_from_freelist: 3310.
num_chunk_merges: 15.
num_chunk_splits: 2060.
num_chunks_enlarged: 1227.
num_inconsistent_stats: 0.

CodeHeap 'non-profiled nmethods': size=120000Kb used=4703Kb max_used=4703Kb free=115296Kb
 bounds [0x000001aed7aa0000, 0x000001aed7f40000, 0x000001aedefd0000]
CodeHeap 'profiled nmethods': size=120000Kb used=14784Kb max_used=14784Kb free=105215Kb
 bounds [0x000001aecffd0000, 0x000001aed0e50000, 0x000001aed7500000]
CodeHeap 'non-nmethods': size=5760Kb used=1358Kb max_used=1481Kb free=4401Kb
 bounds [0x000001aed7500000, 0x000001aed7770000, 0x000001aed7aa0000]
 total_blobs=7579 nmethods=6874 adapters=617
 compilation: enabled
              stopped_count=0, restarted_count=0
 full_count=0

Compilation events (20 events):
Event: 14.819 Thread 0x000001aee11cd130 nmethod 7635 0x000001aed0e3be10 code [0x000001aed0e3bfc0, 0x000001aed0e3c2a8]
Event: 14.819 Thread 0x000001aee11cd130 7634       3       com.google.gson.stream.JsonWriter::openScope (19 bytes)
Event: 14.819 Thread 0x000001aee11cd130 nmethod 7634 0x000001aed0e3c390 code [0x000001aed0e3c540, 0x000001aed0e3c7a8]
Event: 14.820 Thread 0x000001aee11cd130 7636       3       org.eclipse.core.runtime.SubMonitor::isCanceled (20 bytes)
Event: 14.820 Thread 0x000001aee11cd130 nmethod 7636 0x000001aed0e3c910 code [0x000001aed0e3cac0, 0x000001aed0e3cd68]
Event: 14.821 Thread 0x000001aee11cd130 7637       3       java.util.ArrayList::sort (45 bytes)
Event: 14.822 Thread 0x000001aee11cd130 nmethod 7637 0x000001aed0e3ce90 code [0x000001aed0e3d040, 0x000001aed0e3d2b8]
Event: 14.822 Thread 0x000001aee11cd130 7638       3       org.eclipse.core.internal.jobs.OrderedLock::isConflicting (9 bytes)
Event: 14.822 Thread 0x000001aee11cd130 nmethod 7638 0x000001aed0e3d410 code [0x000001aed0e3d5a0, 0x000001aed0e3d718]
Event: 14.828 Thread 0x000001aee9c25a50 nmethod 7615 0x000001aed7f32d10 code [0x000001aed7f32fc0, 0x000001aed7f343c8]
Event: 14.838 Thread 0x000001aee11cd130 7639       3       org.eclipse.core.internal.dtree.DeltaDataTree::lookup (158 bytes)
Event: 14.839 Thread 0x000001aee11cd130 nmethod 7639 0x000001aed0e3d790 code [0x000001aed0e3da00, 0x000001aed0e3e678]
Event: 14.839 Thread 0x000001aee11cd130 7640       3       org.eclipse.core.internal.localstore.FileSystemResourceManager::getStoreRoot (229 bytes)
Event: 14.840 Thread 0x000001aee11cd130 nmethod 7640 0x000001aed0e3eb10 code [0x000001aed0e3ef00, 0x000001aed0e40f98]
Event: 14.843 Thread 0x000001aee119a620 7641   !   4       org.eclipse.osgi.internal.weaving.WeavingHookConfigurator::processClass (245 bytes)
Event: 14.845 Thread 0x000001aee9c25a50 7642       4       org.eclipse.osgi.internal.weaving.WovenClassImpl::<init> (80 bytes)
Event: 14.847 Thread 0x000001aee9c25a50 nmethod 7642 0x000001aed7f35790 code [0x000001aed7f35920, 0x000001aed7f35cd8]
Event: 14.854 Thread 0x000001aee9c25a50 7643       4       java.util.regex.Pattern$LastNode::match (45 bytes)
Event: 14.855 Thread 0x000001aee9c25a50 nmethod 7643 0x000001aed7f35f10 code [0x000001aed7f36080, 0x000001aed7f36158]
Event: 14.868 Thread 0x000001aee9c25a50 7644       4       java.util.Properties$LineReader::readLine (584 bytes)

GC Heap History (20 events):
Event: 11.667 GC heap before
{Heap before GC invocations=27 (full 2):
 PSYoungGen      total 22528K, used 22368K [0x00000000eab00000, 0x00000000ec600000, 0x0000000100000000)
  eden space 18944K, 100% used [0x00000000eab00000,0x00000000ebd80000,0x00000000ebd80000)
  from space 3584K, 95% used [0x00000000ec180000,0x00000000ec4d8200,0x00000000ec500000)
  to   space 4096K, 0% used [0x00000000ebd80000,0x00000000ebd80000,0x00000000ec180000)
 ParOldGen       total 68608K, used 33721K [0x00000000c0000000, 0x00000000c4300000, 0x00000000eab00000)
  object space 68608K, 49% used [0x00000000c0000000,0x00000000c20ee570,0x00000000c4300000)
 Metaspace       used 55855K, committed 56960K, reserved 1114112K
  class space    used 5992K, committed 6464K, reserved 1048576K
}
Event: 11.672 GC heap after
{Heap after GC invocations=27 (full 2):
 PSYoungGen      total 20992K, used 1827K [0x00000000eab00000, 0x00000000ec280000, 0x0000000100000000)
  eden space 18944K, 0% used [0x00000000eab00000,0x00000000eab00000,0x00000000ebd80000)
  from space 2048K, 89% used [0x00000000ebd80000,0x00000000ebf48ff8,0x00000000ebf80000)
  to   space 2560K, 0% used [0x00000000ec000000,0x00000000ec000000,0x00000000ec280000)
 ParOldGen       total 68608K, used 37081K [0x00000000c0000000, 0x00000000c4300000, 0x00000000eab00000)
  object space 68608K, 54% used [0x00000000c0000000,0x00000000c2436770,0x00000000c4300000)
 Metaspace       used 55855K, committed 56960K, reserved 1114112K
  class space    used 5992K, committed 6464K, reserved 1048576K
}
Event: 12.039 GC heap before
{Heap before GC invocations=28 (full 2):
 PSYoungGen      total 20992K, used 20771K [0x00000000eab00000, 0x00000000ec280000, 0x0000000100000000)
  eden space 18944K, 100% used [0x00000000eab00000,0x00000000ebd80000,0x00000000ebd80000)
  from space 2048K, 89% used [0x00000000ebd80000,0x00000000ebf48ff8,0x00000000ebf80000)
  to   space 2560K, 0% used [0x00000000ec000000,0x00000000ec000000,0x00000000ec280000)
 ParOldGen       total 68608K, used 37081K [0x00000000c0000000, 0x00000000c4300000, 0x00000000eab00000)
  object space 68608K, 54% used [0x00000000c0000000,0x00000000c2436770,0x00000000c4300000)
 Metaspace       used 56614K, committed 57792K, reserved 1114112K
  class space    used 6094K, committed 6592K, reserved 1048576K
}
Event: 12.042 GC heap after
{Heap after GC invocations=28 (full 2):
 PSYoungGen      total 19456K, used 320K [0x00000000eab00000, 0x00000000ec080000, 0x0000000100000000)
  eden space 18944K, 0% used [0x00000000eab00000,0x00000000eab00000,0x00000000ebd80000)
  from space 512K, 62% used [0x00000000ec000000,0x00000000ec050000,0x00000000ec080000)
  to   space 1024K, 0% used [0x00000000ebe80000,0x00000000ebe80000,0x00000000ebf80000)
 ParOldGen       total 68608K, used 38762K [0x00000000c0000000, 0x00000000c4300000, 0x00000000eab00000)
  object space 68608K, 56% used [0x00000000c0000000,0x00000000c25da8c0,0x00000000c4300000)
 Metaspace       used 56614K, committed 57792K, reserved 1114112K
  class space    used 6094K, committed 6592K, reserved 1048576K
}
Event: 12.265 GC heap before
{Heap before GC invocations=29 (full 2):
 PSYoungGen      total 19456K, used 19264K [0x00000000eab00000, 0x00000000ec080000, 0x0000000100000000)
  eden space 18944K, 100% used [0x00000000eab00000,0x00000000ebd80000,0x00000000ebd80000)
  from space 512K, 62% used [0x00000000ec000000,0x00000000ec050000,0x00000000ec080000)
  to   space 1024K, 0% used [0x00000000ebe80000,0x00000000ebe80000,0x00000000ebf80000)
 ParOldGen       total 68608K, used 38762K [0x00000000c0000000, 0x00000000c4300000, 0x00000000eab00000)
  object space 68608K, 56% used [0x00000000c0000000,0x00000000c25da8c0,0x00000000c4300000)
 Metaspace       used 57562K, committed 58624K, reserved 1114112K
  class space    used 6176K, committed 6592K, reserved 1048576K
}
Event: 12.266 GC heap after
{Heap after GC invocations=29 (full 2):
 PSYoungGen      total 19968K, used 1018K [0x00000000eab00000, 0x00000000ec180000, 0x0000000100000000)
  eden space 18944K, 0% used [0x00000000eab00000,0x00000000eab00000,0x00000000ebd80000)
  from space 1024K, 99% used [0x00000000ebe80000,0x00000000ebf7eb58,0x00000000ebf80000)
  to   space 2048K, 0% used [0x00000000ebf80000,0x00000000ebf80000,0x00000000ec180000)
 ParOldGen       total 68608K, used 39437K [0x00000000c0000000, 0x00000000c4300000, 0x00000000eab00000)
  object space 68608K, 57% used [0x00000000c0000000,0x00000000c2683448,0x00000000c4300000)
 Metaspace       used 57562K, committed 58624K, reserved 1114112K
  class space    used 6176K, committed 6592K, reserved 1048576K
}
Event: 12.349 GC heap before
{Heap before GC invocations=30 (full 2):
 PSYoungGen      total 19968K, used 19962K [0x00000000eab00000, 0x00000000ec180000, 0x0000000100000000)
  eden space 18944K, 100% used [0x00000000eab00000,0x00000000ebd80000,0x00000000ebd80000)
  from space 1024K, 99% used [0x00000000ebe80000,0x00000000ebf7eb58,0x00000000ebf80000)
  to   space 2048K, 0% used [0x00000000ebf80000,0x00000000ebf80000,0x00000000ec180000)
 ParOldGen       total 68608K, used 39437K [0x00000000c0000000, 0x00000000c4300000, 0x00000000eab00000)
  object space 68608K, 57% used [0x00000000c0000000,0x00000000c2683448,0x00000000c4300000)
 Metaspace       used 57582K, committed 58624K, reserved 1114112K
  class space    used 6176K, committed 6592K, reserved 1048576K
}
Event: 12.351 GC heap after
{Heap after GC invocations=30 (full 2):
 PSYoungGen      total 19968K, used 662K [0x00000000eab00000, 0x00000000ec080000, 0x0000000100000000)
  eden space 18944K, 0% used [0x00000000eab00000,0x00000000eab00000,0x00000000ebd80000)
  from space 1024K, 64% used [0x00000000ebf80000,0x00000000ec025b48,0x00000000ec080000)
  to   space 1536K, 0% used [0x00000000ebd80000,0x00000000ebd80000,0x00000000ebf00000)
 ParOldGen       total 68608K, used 40479K [0x00000000c0000000, 0x00000000c4300000, 0x00000000eab00000)
  object space 68608K, 59% used [0x00000000c0000000,0x00000000c2787fa0,0x00000000c4300000)
 Metaspace       used 57582K, committed 58624K, reserved 1114112K
  class space    used 6176K, committed 6592K, reserved 1048576K
}
Event: 12.561 GC heap before
{Heap before GC invocations=31 (full 2):
 PSYoungGen      total 19968K, used 15292K [0x00000000eab00000, 0x00000000ec080000, 0x0000000100000000)
  eden space 18944K, 77% used [0x00000000eab00000,0x00000000eb949810,0x00000000ebd80000)
  from space 1024K, 64% used [0x00000000ebf80000,0x00000000ec025b48,0x00000000ec080000)
  to   space 1536K, 0% used [0x00000000ebd80000,0x00000000ebd80000,0x00000000ebf00000)
 ParOldGen       total 68608K, used 40479K [0x00000000c0000000, 0x00000000c4300000, 0x00000000eab00000)
  object space 68608K, 59% used [0x00000000c0000000,0x00000000c2787fa0,0x00000000c4300000)
 Metaspace       used 58711K, committed 59776K, reserved 1114112K
  class space    used 6289K, committed 6720K, reserved 1048576K
}
Event: 12.562 GC heap after
{Heap after GC invocations=31 (full 2):
 PSYoungGen      total 20480K, used 224K [0x00000000eab00000, 0x00000000ec000000, 0x0000000100000000)
  eden space 18944K, 0% used [0x00000000eab00000,0x00000000eab00000,0x00000000ebd80000)
  from space 1536K, 14% used [0x00000000ebd80000,0x00000000ebdb8000,0x00000000ebf00000)
  to   space 512K, 0% used [0x00000000ebf80000,0x00000000ebf80000,0x00000000ec000000)
 ParOldGen       total 68608K, used 40495K [0x00000000c0000000, 0x00000000c4300000, 0x00000000eab00000)
  object space 68608K, 59% used [0x00000000c0000000,0x00000000c278bfa0,0x00000000c4300000)
 Metaspace       used 58711K, committed 59776K, reserved 1114112K
  class space    used 6289K, committed 6720K, reserved 1048576K
}
Event: 12.562 GC heap before
{Heap before GC invocations=32 (full 3):
 PSYoungGen      total 20480K, used 224K [0x00000000eab00000, 0x00000000ec000000, 0x0000000100000000)
  eden space 18944K, 0% used [0x00000000eab00000,0x00000000eab00000,0x00000000ebd80000)
  from space 1536K, 14% used [0x00000000ebd80000,0x00000000ebdb8000,0x00000000ebf00000)
  to   space 512K, 0% used [0x00000000ebf80000,0x00000000ebf80000,0x00000000ec000000)
 ParOldGen       total 68608K, used 40495K [0x00000000c0000000, 0x00000000c4300000, 0x00000000eab00000)
  object space 68608K, 59% used [0x00000000c0000000,0x00000000c278bfa0,0x00000000c4300000)
 Metaspace       used 58711K, committed 59776K, reserved 1114112K
  class space    used 6289K, committed 6720K, reserved 1048576K
}
Event: 12.657 GC heap after
{Heap after GC invocations=32 (full 3):
 PSYoungGen      total 20480K, used 0K [0x00000000eab00000, 0x00000000ec000000, 0x0000000100000000)
  eden space 18944K, 0% used [0x00000000eab00000,0x00000000eab00000,0x00000000ebd80000)
  from space 1536K, 0% used [0x00000000ebd80000,0x00000000ebd80000,0x00000000ebf00000)
  to   space 512K, 0% used [0x00000000ebf80000,0x00000000ebf80000,0x00000000ec000000)
 ParOldGen       total 68608K, used 34624K [0x00000000c0000000, 0x00000000c4300000, 0x00000000eab00000)
  object space 68608K, 50% used [0x00000000c0000000,0x00000000c21d02e0,0x00000000c4300000)
 Metaspace       used 58711K, committed 59776K, reserved 1114112K
  class space    used 6289K, committed 6720K, reserved 1048576K
}
Event: 13.243 GC heap before
{Heap before GC invocations=33 (full 3):
 PSYoungGen      total 20480K, used 18944K [0x00000000eab00000, 0x00000000ec000000, 0x0000000100000000)
  eden space 18944K, 100% used [0x00000000eab00000,0x00000000ebd80000,0x00000000ebd80000)
  from space 1536K, 0% used [0x00000000ebd80000,0x00000000ebd80000,0x00000000ebf00000)
  to   space 512K, 0% used [0x00000000ebf80000,0x00000000ebf80000,0x00000000ec000000)
 ParOldGen       total 68608K, used 34624K [0x00000000c0000000, 0x00000000c4300000, 0x00000000eab00000)
  object space 68608K, 50% used [0x00000000c0000000,0x00000000c21d02e0,0x00000000c4300000)
 Metaspace       used 61068K, committed 62144K, reserved 1114112K
  class space    used 6520K, committed 6976K, reserved 1048576K
}
Event: 13.245 GC heap after
{Heap after GC invocations=33 (full 3):
 PSYoungGen      total 19456K, used 497K [0x00000000eab00000, 0x00000000ec000000, 0x0000000100000000)
  eden space 18944K, 0% used [0x00000000eab00000,0x00000000eab00000,0x00000000ebd80000)
  from space 512K, 97% used [0x00000000ebf80000,0x00000000ebffc458,0x00000000ec000000)
  to   space 1024K, 0% used [0x00000000ebe00000,0x00000000ebe00000,0x00000000ebf00000)
 ParOldGen       total 68608K, used 34664K [0x00000000c0000000, 0x00000000c4300000, 0x00000000eab00000)
  object space 68608K, 50% used [0x00000000c0000000,0x00000000c21da2e0,0x00000000c4300000)
 Metaspace       used 61068K, committed 62144K, reserved 1114112K
  class space    used 6520K, committed 6976K, reserved 1048576K
}
Event: 13.466 GC heap before
{Heap before GC invocations=34 (full 3):
 PSYoungGen      total 19456K, used 19441K [0x00000000eab00000, 0x00000000ec000000, 0x0000000100000000)
  eden space 18944K, 100% used [0x00000000eab00000,0x00000000ebd80000,0x00000000ebd80000)
  from space 512K, 97% used [0x00000000ebf80000,0x00000000ebffc458,0x00000000ec000000)
  to   space 1024K, 0% used [0x00000000ebe00000,0x00000000ebe00000,0x00000000ebf00000)
 ParOldGen       total 68608K, used 34664K [0x00000000c0000000, 0x00000000c4300000, 0x00000000eab00000)
  object space 68608K, 50% used [0x00000000c0000000,0x00000000c21da2e0,0x00000000c4300000)
 Metaspace       used 61709K, committed 62912K, reserved 1114112K
  class space    used 6594K, committed 7104K, reserved 1048576K
}
Event: 13.468 GC heap after
{Heap after GC invocations=34 (full 3):
 PSYoungGen      total 19968K, used 816K [0x00000000eab00000, 0x00000000ec000000, 0x0000000100000000)
  eden space 18944K, 0% used [0x00000000eab00000,0x00000000eab00000,0x00000000ebd80000)
  from space 1024K, 79% used [0x00000000ebe00000,0x00000000ebecc010,0x00000000ebf00000)
  to   space 1024K, 0% used [0x00000000ebf00000,0x00000000ebf00000,0x00000000ec000000)
 ParOldGen       total 68608K, used 35152K [0x00000000c0000000, 0x00000000c4300000, 0x00000000eab00000)
  object space 68608K, 51% used [0x00000000c0000000,0x00000000c2254288,0x00000000c4300000)
 Metaspace       used 61709K, committed 62912K, reserved 1114112K
  class space    used 6594K, committed 7104K, reserved 1048576K
}
Event: 14.071 GC heap before
{Heap before GC invocations=35 (full 3):
 PSYoungGen      total 19968K, used 19059K [0x00000000eab00000, 0x00000000ec000000, 0x0000000100000000)
  eden space 18944K, 96% used [0x00000000eab00000,0x00000000ebcd0c38,0x00000000ebd80000)
  from space 1024K, 79% used [0x00000000ebe00000,0x00000000ebecc010,0x00000000ebf00000)
  to   space 1024K, 0% used [0x00000000ebf00000,0x00000000ebf00000,0x00000000ec000000)
 ParOldGen       total 68608K, used 35152K [0x00000000c0000000, 0x00000000c4300000, 0x00000000eab00000)
  object space 68608K, 51% used [0x00000000c0000000,0x00000000c2254288,0x00000000c4300000)
 Metaspace       used 63496K, committed 64640K, reserved 1114112K
  class space    used 6759K, committed 7232K, reserved 1048576K
}
Event: 14.078 GC heap after
{Heap after GC invocations=35 (full 3):
 PSYoungGen      total 18432K, used 1002K [0x00000000eab00000, 0x00000000ec380000, 0x0000000100000000)
  eden space 17408K, 0% used [0x00000000eab00000,0x00000000eab00000,0x00000000ebc00000)
  from space 1024K, 97% used [0x00000000ebf00000,0x00000000ebffaae0,0x00000000ec000000)
  to   space 3072K, 0% used [0x00000000ebc00000,0x00000000ebc00000,0x00000000ebf00000)
 ParOldGen       total 68608K, used 36720K [0x00000000c0000000, 0x00000000c4300000, 0x00000000eab00000)
  object space 68608K, 53% used [0x00000000c0000000,0x00000000c23dc2d0,0x00000000c4300000)
 Metaspace       used 63496K, committed 64640K, reserved 1114112K
  class space    used 6759K, committed 7232K, reserved 1048576K
}
Event: 14.367 GC heap before
{Heap before GC invocations=36 (full 3):
 PSYoungGen      total 18432K, used 18410K [0x00000000eab00000, 0x00000000ec380000, 0x0000000100000000)
  eden space 17408K, 100% used [0x00000000eab00000,0x00000000ebc00000,0x00000000ebc00000)
  from space 1024K, 97% used [0x00000000ebf00000,0x00000000ebffaae0,0x00000000ec000000)
  to   space 3072K, 0% used [0x00000000ebc00000,0x00000000ebc00000,0x00000000ebf00000)
 ParOldGen       total 68608K, used 36720K [0x00000000c0000000, 0x00000000c4300000, 0x00000000eab00000)
  object space 68608K, 53% used [0x00000000c0000000,0x00000000c23dc2d0,0x00000000c4300000)
 Metaspace       used 64275K, committed 65408K, reserved 1114112K
  class space    used 6844K, committed 7296K, reserved 1048576K
}
Event: 14.371 GC heap after
{Heap after GC invocations=36 (full 3):
 PSYoungGen      total 20480K, used 3046K [0x00000000eab00000, 0x00000000ec500000, 0x0000000100000000)
  eden space 17408K, 0% used [0x00000000eab00000,0x00000000eab00000,0x00000000ebc00000)
  from space 3072K, 99% used [0x00000000ebc00000,0x00000000ebef9810,0x00000000ebf00000)
  to   space 4608K, 0% used [0x00000000ec080000,0x00000000ec080000,0x00000000ec500000)
 ParOldGen       total 68608K, used 37688K [0x00000000c0000000, 0x00000000c4300000, 0x00000000eab00000)
  object space 68608K, 54% used [0x00000000c0000000,0x00000000c24ce2f8,0x00000000c4300000)
 Metaspace       used 64275K, committed 65408K, reserved 1114112K
  class space    used 6844K, committed 7296K, reserved 1048576K
}

Dll operation events (10 events):
Event: 0.020 Loaded shared library c:\Users\siako\.vscode\extensions\redhat.java-1.35.1-win32-x64\jre\17.0.12-win32-x86_64\bin\java.dll
Event: 0.411 Loaded shared library c:\Users\siako\.vscode\extensions\redhat.java-1.35.1-win32-x64\jre\17.0.12-win32-x86_64\bin\zip.dll
Event: 0.414 Loaded shared library C:\Users\siako\.vscode\extensions\redhat.java-1.35.1-win32-x64\jre\17.0.12-win32-x86_64\bin\instrument.dll
Event: 0.424 Loaded shared library C:\Users\siako\.vscode\extensions\redhat.java-1.35.1-win32-x64\jre\17.0.12-win32-x86_64\bin\net.dll
Event: 0.425 Loaded shared library C:\Users\siako\.vscode\extensions\redhat.java-1.35.1-win32-x64\jre\17.0.12-win32-x86_64\bin\nio.dll
Event: 0.431 Loaded shared library C:\Users\siako\.vscode\extensions\redhat.java-1.35.1-win32-x64\jre\17.0.12-win32-x86_64\bin\zip.dll
Event: 0.455 Loaded shared library C:\Users\siako\.vscode\extensions\redhat.java-1.35.1-win32-x64\jre\17.0.12-win32-x86_64\bin\jimage.dll
Event: 0.528 Loaded shared library c:\Users\siako\.vscode\extensions\redhat.java-1.35.1-win32-x64\jre\17.0.12-win32-x86_64\bin\verify.dll
Event: 2.127 Loaded shared library C:\Users\siako\AppData\Roaming\Code\User\globalStorage\redhat.java\1.35.1\config_win\org.eclipse.equinox.launcher\org.eclipse.equinox.launcher.win32.win32.x86_64_1.2.1100.v20240722-2106\eclipse_11904.dll
Event: 4.013 Loaded shared library C:\Users\siako\AppData\Local\Temp\jna-109429615\jna3197828968416582460.dll

Deoptimization events (20 events):
Event: 14.716 Thread 0x000001aee74a5b60 DEOPT PACKING pc=0x000001aed7eb8188 sp=0x0000006d50ffe470
Event: 14.716 Thread 0x000001aee74a5b60 DEOPT UNPACKING pc=0x000001aed75566a3 sp=0x0000006d50ffe458 mode 2
Event: 14.726 Thread 0x000001aee74a5b60 Uncommon trap: trap_request=0xffffff6e fr.pc=0x000001aed7f2a80c relative=0x00000000000001ec
Event: 14.726 Thread 0x000001aee74a5b60 Uncommon trap: reason=loop_limit_check action=maybe_recompile pc=0x000001aed7f2a80c method=org.eclipse.jdt.internal.core.util.HashtableOfArrayToObject.hashCode([Ljava/lang/Object;I)I @ 27 c2
Event: 14.726 Thread 0x000001aee74a5b60 DEOPT PACKING pc=0x000001aed7f2a80c sp=0x0000006d50ffe740
Event: 14.726 Thread 0x000001aee74a5b60 DEOPT UNPACKING pc=0x000001aed75566a3 sp=0x0000006d50ffe6c8 mode 2
Event: 14.744 Thread 0x000001aeea008200 Uncommon trap: trap_request=0xffffff45 fr.pc=0x000001aed7bfc990 relative=0x0000000000000bf0
Event: 14.744 Thread 0x000001aeea008200 Uncommon trap: reason=unstable_if action=reinterpret pc=0x000001aed7bfc990 method=java.util.concurrent.ConcurrentHashMap.putVal(Ljava/lang/Object;Ljava/lang/Object;Z)Ljava/lang/Object; @ 97 c2
Event: 14.744 Thread 0x000001aeea008200 DEOPT PACKING pc=0x000001aed7bfc990 sp=0x0000006d51dfe540
Event: 14.744 Thread 0x000001aeea008200 DEOPT UNPACKING pc=0x000001aed75566a3 sp=0x0000006d51dfe4e8 mode 2
Event: 14.745 Thread 0x000001aeea006dc0 Uncommon trap: trap_request=0xffffff45 fr.pc=0x000001aed7ae3c54 relative=0x00000000000009f4
Event: 14.745 Thread 0x000001aeea006dc0 Uncommon trap: reason=unstable_if action=reinterpret pc=0x000001aed7ae3c54 method=java.lang.reflect.Field.declaredAnnotations()Ljava/util/Map; @ 19 c2
Event: 14.745 Thread 0x000001aeea006dc0 DEOPT PACKING pc=0x000001aed7ae3c54 sp=0x0000006d520fe690
Event: 14.745 Thread 0x000001aeea006dc0 DEOPT UNPACKING pc=0x000001aed75566a3 sp=0x0000006d520fe5f8 mode 2
Event: 14.763 Thread 0x000001aeea004a50 Uncommon trap: trap_request=0xffffff45 fr.pc=0x000001aed7c726f0 relative=0x00000000000003b0
Event: 14.763 Thread 0x000001aeea004a50 Uncommon trap: reason=unstable_if action=reinterpret pc=0x000001aed7c726f0 method=com.google.gson.stream.JsonReader.isLiteral(C)Z @ 1 c2
Event: 14.764 Thread 0x000001aeea004a50 DEOPT PACKING pc=0x000001aed7c726f0 sp=0x0000006d51cfe830
Event: 14.764 Thread 0x000001aeea004a50 DEOPT UNPACKING pc=0x000001aed75566a3 sp=0x0000006d51cfe6d8 mode 2
Event: 14.868 Thread 0x000001aeea008200 DEOPT PACKING pc=0x000001aed0b7169e sp=0x0000006d51dfdb00
Event: 14.868 Thread 0x000001aeea008200 DEOPT UNPACKING pc=0x000001aed7556e43 sp=0x0000006d51dfcff0 mode 0

Classes loaded (20 events):
Event: 14.355 Loading class java/util/concurrent/CompletableFuture$UniApply
Event: 14.355 Loading class java/util/concurrent/CompletableFuture$UniCompletion
Event: 14.355 Loading class java/util/concurrent/CompletableFuture$UniCompletion done
Event: 14.355 Loading class java/util/concurrent/CompletableFuture$UniApply done
Event: 14.357 Loading class java/util/concurrent/CompletableFuture$UniAccept
Event: 14.357 Loading class java/util/concurrent/CompletableFuture$UniAccept done
Event: 14.357 Loading class java/util/concurrent/CompletableFuture$UniExceptionally
Event: 14.357 Loading class java/util/concurrent/CompletableFuture$UniExceptionally done
Event: 14.587 Loading class java/util/Hashtable$KeySet
Event: 14.587 Loading class java/util/Hashtable$KeySet done
Event: 14.675 Loading class java/util/HashMap$ValueSpliterator
Event: 14.675 Loading class java/util/HashMap$ValueSpliterator done
Event: 14.767 Loading class jdk/internal/event/SecurityPropertyModificationEvent
Event: 14.768 Loading class jdk/internal/event/SecurityPropertyModificationEvent done
Event: 14.796 Loading class java/util/regex/Pattern$1
Event: 14.798 Loading class java/util/regex/Pattern$1 done
Event: 14.840 Loading class java/lang/Throwable$WrappedPrintStream
Event: 14.840 Loading class java/lang/Throwable$PrintStreamOrWriter
Event: 14.840 Loading class java/lang/Throwable$PrintStreamOrWriter done
Event: 14.840 Loading class java/lang/Throwable$WrappedPrintStream done

Classes unloaded (7 events):
Event: 6.058 Thread 0x000001aee115c7f0 Unloading class 0x0000000100250400 'java/lang/invoke/LambdaForm$MH+0x0000000100250400'
Event: 6.058 Thread 0x000001aee115c7f0 Unloading class 0x0000000100250000 'java/lang/invoke/LambdaForm$MH+0x0000000100250000'
Event: 6.058 Thread 0x000001aee115c7f0 Unloading class 0x000000010024fc00 'java/lang/invoke/LambdaForm$MH+0x000000010024fc00'
Event: 6.058 Thread 0x000001aee115c7f0 Unloading class 0x000000010024f800 'java/lang/invoke/LambdaForm$MH+0x000000010024f800'
Event: 6.058 Thread 0x000001aee115c7f0 Unloading class 0x000000010024f400 'java/lang/invoke/LambdaForm$BMH+0x000000010024f400'
Event: 6.058 Thread 0x000001aee115c7f0 Unloading class 0x000000010024f000 'java/lang/invoke/LambdaForm$DMH+0x000000010024f000'
Event: 6.058 Thread 0x000001aee115c7f0 Unloading class 0x000000010024c400 'java/lang/invoke/LambdaForm$DMH+0x000000010024c400'

Classes redefined (0 events):
No events

Internal exceptions (20 events):
Event: 14.611 Thread 0x000001aee74a5b60 Exception <a 'sun/nio/fs/WindowsException'{0x00000000eb009b08}> (0x00000000eb009b08) 
thrown [s\src\hotspot\share\prims\jni.cpp, line 516]
Event: 14.611 Thread 0x000001aee74a5b60 Exception <a 'sun/nio/fs/WindowsException'{0x00000000eb00a310}> (0x00000000eb00a310) 
thrown [s\src\hotspot\share\prims\jni.cpp, line 516]
Event: 14.612 Thread 0x000001aee74a5b60 Exception <a 'sun/nio/fs/WindowsException'{0x00000000eb00b3e8}> (0x00000000eb00b3e8) 
thrown [s\src\hotspot\share\prims\jni.cpp, line 516]
Event: 14.612 Thread 0x000001aee74a5b60 Exception <a 'sun/nio/fs/WindowsException'{0x00000000eb00bbf0}> (0x00000000eb00bbf0) 
thrown [s\src\hotspot\share\prims\jni.cpp, line 516]
Event: 14.616 Thread 0x000001aee74a5b60 Exception <a 'java/io/FileNotFoundException'{0x00000000eb024108}> (0x00000000eb024108) 
thrown [s\src\hotspot\share\prims\jni.cpp, line 516]
Event: 14.617 Thread 0x000001aee74a5b60 Exception <a 'java/io/FileNotFoundException'{0x00000000eb024e80}> (0x00000000eb024e80) 
thrown [s\src\hotspot\share\prims\jni.cpp, line 516]
Event: 14.620 Thread 0x000001aee74a5b60 Exception <a 'sun/nio/fs/WindowsException'{0x00000000eb070ca8}> (0x00000000eb070ca8) 
thrown [s\src\hotspot\share\prims\jni.cpp, line 516]
Event: 14.620 Thread 0x000001aee74a5b60 Exception <a 'sun/nio/fs/WindowsException'{0x00000000eb0716f8}> (0x00000000eb0716f8) 
thrown [s\src\hotspot\share\prims\jni.cpp, line 516]
Event: 14.706 Thread 0x000001aee74a5b60 Exception <a 'sun/nio/fs/WindowsException'{0x00000000eb102f98}> (0x00000000eb102f98) 
thrown [s\src\hotspot\share\prims\jni.cpp, line 516]
Event: 14.706 Thread 0x000001aee74a5b60 Exception <a 'sun/nio/fs/WindowsException'{0x00000000eb190958}> (0x00000000eb190958) 
thrown [s\src\hotspot\share\prims\jni.cpp, line 516]
Event: 14.707 Thread 0x000001aee74a5b60 Exception <a 'sun/nio/fs/WindowsException'{0x00000000eb191a30}> (0x00000000eb191a30) 
thrown [s\src\hotspot\share\prims\jni.cpp, line 516]
Event: 14.707 Thread 0x000001aee74a5b60 Exception <a 'sun/nio/fs/WindowsException'{0x00000000eb192238}> (0x00000000eb192238) 
thrown [s\src\hotspot\share\prims\jni.cpp, line 516]
Event: 14.709 Thread 0x000001aee74a5b60 Exception <a 'sun/nio/fs/WindowsException'{0x00000000eb1939f8}> (0x00000000eb1939f8) 
thrown [s\src\hotspot\share\prims\jni.cpp, line 516]
Event: 14.709 Thread 0x000001aee74a5b60 Exception <a 'sun/nio/fs/WindowsException'{0x00000000eb19a470}> (0x00000000eb19a470) 
thrown [s\src\hotspot\share\prims\jni.cpp, line 516]
Event: 14.721 Thread 0x000001aee74a5b60 Exception <a 'sun/nio/fs/WindowsException'{0x00000000eb21e560}> (0x00000000eb21e560) 
thrown [s\src\hotspot\share\prims\jni.cpp, line 516]
Event: 14.721 Thread 0x000001aee74a5b60 Exception <a 'sun/nio/fs/WindowsException'{0x00000000eb21ed68}> (0x00000000eb21ed68) 
thrown [s\src\hotspot\share\prims\jni.cpp, line 516]
Event: 14.721 Thread 0x000001aee74a5b60 Exception <a 'sun/nio/fs/WindowsException'{0x00000000eb21fe40}> (0x00000000eb21fe40) 
thrown [s\src\hotspot\share\prims\jni.cpp, line 516]
Event: 14.721 Thread 0x000001aee74a5b60 Exception <a 'sun/nio/fs/WindowsException'{0x00000000eb220648}> (0x00000000eb220648) 
thrown [s\src\hotspot\share\prims\jni.cpp, line 516]
Event: 14.722 Thread 0x000001aee74a5b60 Exception <a 'sun/nio/fs/WindowsException'{0x00000000eb222098}> (0x00000000eb222098) 
thrown [s\src\hotspot\share\prims\jni.cpp, line 516]
Event: 14.722 Thread 0x000001aee74a5b60 Exception <a 'sun/nio/fs/WindowsException'{0x00000000eb2228a0}> (0x00000000eb2228a0) 
thrown [s\src\hotspot\share\prims\jni.cpp, line 516]

VM Operations (20 events):
Event: 13.067 Executing VM operation: HandshakeAllThreads
Event: 13.067 Executing VM operation: HandshakeAllThreads done
Event: 13.134 Executing VM operation: HandshakeAllThreads
Event: 13.134 Executing VM operation: HandshakeAllThreads done
Event: 13.243 Executing VM operation: ParallelGCFailedAllocation
Event: 13.245 Executing VM operation: ParallelGCFailedAllocation done
Event: 13.438 Executing VM operation: HandshakeAllThreads
Event: 13.438 Executing VM operation: HandshakeAllThreads done
Event: 13.466 Executing VM operation: ParallelGCFailedAllocation
Event: 13.471 Executing VM operation: ParallelGCFailedAllocation done
Event: 13.477 Executing VM operation: HandshakeAllThreads
Event: 13.478 Executing VM operation: HandshakeAllThreads done
Event: 13.934 Executing VM operation: ICBufferFull
Event: 13.934 Executing VM operation: ICBufferFull done
Event: 14.071 Executing VM operation: ParallelGCFailedAllocation
Event: 14.079 Executing VM operation: ParallelGCFailedAllocation done
Event: 14.367 Executing VM operation: ParallelGCFailedAllocation
Event: 14.371 Executing VM operation: ParallelGCFailedAllocation done
Event: 14.831 Executing VM operation: HandshakeAllThreads
Event: 14.836 Executing VM operation: HandshakeAllThreads done

Events (20 events):
Event: 7.896 Thread 0x000001aee11cdee0 flushing nmethod 0x000001aed08f4690
Event: 7.896 Thread 0x000001aee11cdee0 flushing nmethod 0x000001aed0916110
Event: 7.896 Thread 0x000001aee11cdee0 flushing nmethod 0x000001aed093a990
Event: 7.896 Thread 0x000001aee11cdee0 flushing nmethod 0x000001aed0966a90
Event: 8.262 Thread 0x000001aee7666cc0 Thread exited: 0x000001aee7666cc0
Event: 8.571 Thread 0x000001aee9c25a50 Thread added: 0x000001aee9c25a50
Event: 9.199 Thread 0x000001aee9c25a50 Thread exited: 0x000001aee9c25a50
Event: 9.812 Thread 0x000001aee70e08a0 Thread exited: 0x000001aee70e08a0
Event: 10.335 Thread 0x000001aee9c23a70 Thread added: 0x000001aee9c23a70
Event: 11.328 Thread 0x000001aeea007cf0 Thread added: 0x000001aeea007cf0
Event: 11.801 Thread 0x000001aee9c23a70 Thread exited: 0x000001aee9c23a70
Event: 12.274 Thread 0x000001aee9c25a50 Thread added: 0x000001aee9c25a50
Event: 12.278 Thread 0x000001aee11cdee0 flushing nmethod 0x000001aed0128d90
Event: 12.283 Thread 0x000001aee11cdee0 flushing nmethod 0x000001aed0a15390
Event: 13.528 Thread 0x000001aeea008200 Thread added: 0x000001aeea008200
Event: 13.537 Thread 0x000001aeea0077e0 Thread added: 0x000001aeea0077e0
Event: 14.079 Thread 0x000001aeea008710 Thread added: 0x000001aeea008710
Event: 14.659 Thread 0x000001aeea006dc0 Thread added: 0x000001aeea006dc0
Event: 14.804 Thread 0x000001aeea005e90 Thread added: 0x000001aeea005e90
Event: 14.840 Thread 0x000001aeea005e90 Thread exited: 0x000001aeea005e90


Dynamic libraries:
0x00007ff6ff0a0000 - 0x00007ff6ff0ae000 	c:\Users\siako\.vscode\extensions\redhat.java-1.35.1-win32-x64\jre\17.0.12-win32-x86_64\bin\java.exe
0x00007fff65730000 - 0x00007fff65928000 	C:\WINDOWS\SYSTEM32\ntdll.dll
0x00007fff65620000 - 0x00007fff656e2000 	C:\WINDOWS\System32\KERNEL32.DLL
0x00007fff63250000 - 0x00007fff6354e000 	C:\WINDOWS\System32\KERNELBASE.dll
0x00007fff62e80000 - 0x00007fff62f80000 	C:\WINDOWS\System32\ucrtbase.dll
0x00007fff4a210000 - 0x00007fff4a227000 	c:\Users\siako\.vscode\extensions\redhat.java-1.35.1-win32-x64\jre\17.0.12-win32-x86_64\bin\jli.dll
0x00007fff64110000 - 0x00007fff642ad000 	C:\WINDOWS\System32\USER32.dll
0x00007fff630a0000 - 0x00007fff630c2000 	C:\WINDOWS\System32\win32u.dll
0x00007fff63b60000 - 0x00007fff63b8b000 	C:\WINDOWS\System32\GDI32.dll
0x00007fff62f80000 - 0x00007fff63097000 	C:\WINDOWS\System32\gdi32full.dll
0x00007fff636b0000 - 0x00007fff6374d000 	C:\WINDOWS\System32\msvcp_win.dll
0x00007fff41530000 - 0x00007fff4154b000 	c:\Users\siako\.vscode\extensions\redhat.java-1.35.1-win32-x64\jre\17.0.12-win32-x86_64\bin\VCRUNTIME140.dll
0x00007fff4c400000 - 0x00007fff4c69a000 	C:\WINDOWS\WinSxS\amd64_microsoft.windows.common-controls_6595b64144ccf1df_6.0.19041.4355_none_60b8b9eb71f62e16\COMCTL32.dll
0x00007fff63950000 - 0x00007fff639ee000 	C:\WINDOWS\System32\msvcrt.dll
0x00007fff63b90000 - 0x00007fff63bbf000 	C:\WINDOWS\System32\IMM32.DLL
0x00007fff55c90000 - 0x00007fff55c9c000 	c:\Users\siako\.vscode\extensions\redhat.java-1.35.1-win32-x64\jre\17.0.12-win32-x86_64\bin\vcruntime140_1.dll
0x00007ffeebe30000 - 0x00007ffeebebd000 	c:\Users\siako\.vscode\extensions\redhat.java-1.35.1-win32-x64\jre\17.0.12-win32-x86_64\bin\msvcp140.dll
0x00007ffeb7f90000 - 0x00007ffeb8bfa000 	c:\Users\siako\.vscode\extensions\redhat.java-1.35.1-win32-x64\jre\17.0.12-win32-x86_64\bin\server\jvm.dll
0x00007fff639f0000 - 0x00007fff63aa2000 	C:\WINDOWS\System32\ADVAPI32.dll
0x00007fff638b0000 - 0x00007fff63950000 	C:\WINDOWS\System32\sechost.dll
0x00007fff65340000 - 0x00007fff65463000 	C:\WINDOWS\System32\RPCRT4.dll
0x00007fff63120000 - 0x00007fff63147000 	C:\WINDOWS\System32\bcrypt.dll
0x00007fff644b0000 - 0x00007fff6451b000 	C:\WINDOWS\System32\WS2_32.dll
0x00007fff62b10000 - 0x00007fff62b5b000 	C:\WINDOWS\SYSTEM32\POWRPROF.dll
0x00007fff58210000 - 0x00007fff58237000 	C:\WINDOWS\SYSTEM32\WINMM.dll
0x00007fff5c090000 - 0x00007fff5c09a000 	C:\WINDOWS\SYSTEM32\VERSION.dll
0x00007fff62940000 - 0x00007fff62952000 	C:\WINDOWS\SYSTEM32\UMPDC.dll
0x00007fff60c30000 - 0x00007fff60c42000 	C:\WINDOWS\SYSTEM32\kernel.appcore.dll
0x00007fff4cf30000 - 0x00007fff4cf3a000 	c:\Users\siako\.vscode\extensions\redhat.java-1.35.1-win32-x64\jre\17.0.12-win32-x86_64\bin\jimage.dll
0x00007fff5b560000 - 0x00007fff5b744000 	C:\WINDOWS\SYSTEM32\DBGHELP.DLL
0x00007fff5b7e0000 - 0x00007fff5b814000 	C:\WINDOWS\SYSTEM32\dbgcore.DLL
0x00007fff63150000 - 0x00007fff631d2000 	C:\WINDOWS\System32\bcryptPrimitives.dll
0x00007fff4c8c0000 - 0x00007fff4c8ce000 	c:\Users\siako\.vscode\extensions\redhat.java-1.35.1-win32-x64\jre\17.0.12-win32-x86_64\bin\instrument.dll
0x00007fff243c0000 - 0x00007fff243e5000 	c:\Users\siako\.vscode\extensions\redhat.java-1.35.1-win32-x64\jre\17.0.12-win32-x86_64\bin\java.dll
0x00007fff409d0000 - 0x00007fff409e8000 	c:\Users\siako\.vscode\extensions\redhat.java-1.35.1-win32-x64\jre\17.0.12-win32-x86_64\bin\zip.dll
0x00007fff64990000 - 0x00007fff650ff000 	C:\WINDOWS\System32\SHELL32.dll
0x00007fff60e30000 - 0x00007fff615d4000 	C:\WINDOWS\SYSTEM32\windows.storage.dll
0x00007fff63c20000 - 0x00007fff63f73000 	C:\WINDOWS\System32\combase.dll
0x00007fff62790000 - 0x00007fff627be000 	C:\WINDOWS\SYSTEM32\Wldp.dll
0x00007fff642b0000 - 0x00007fff6437d000 	C:\WINDOWS\System32\OLEAUT32.dll
0x00007fff63f80000 - 0x00007fff6402d000 	C:\WINDOWS\System32\SHCORE.dll
0x00007fff655c0000 - 0x00007fff65615000 	C:\WINDOWS\System32\shlwapi.dll
0x00007fff62d00000 - 0x00007fff62d24000 	C:\WINDOWS\SYSTEM32\profapi.dll
0x00007fff4b630000 - 0x00007fff4b649000 	C:\Users\siako\.vscode\extensions\redhat.java-1.35.1-win32-x64\jre\17.0.12-win32-x86_64\bin\net.dll
0x00007fff5b950000 - 0x00007fff5ba5d000 	C:\WINDOWS\SYSTEM32\WINHTTP.dll
0x00007fff62470000 - 0x00007fff624da000 	C:\WINDOWS\system32\mswsock.dll
0x00007fff3d4a0000 - 0x00007fff3d4b6000 	C:\Users\siako\.vscode\extensions\redhat.java-1.35.1-win32-x64\jre\17.0.12-win32-x86_64\bin\nio.dll
0x00007fff4c710000 - 0x00007fff4c720000 	c:\Users\siako\.vscode\extensions\redhat.java-1.35.1-win32-x64\jre\17.0.12-win32-x86_64\bin\verify.dll
0x00007fff20880000 - 0x00007fff208c5000 	C:\Users\siako\AppData\Roaming\Code\User\globalStorage\redhat.java\1.35.1\config_win\org.eclipse.equinox.launcher\org.eclipse.equinox.launcher.win32.win32.x86_64_1.2.1100.v20240722-2106\eclipse_11904.dll
0x00007fff64380000 - 0x00007fff644ab000 	C:\WINDOWS\System32\ole32.dll
0x00007fff62680000 - 0x00007fff62698000 	C:\WINDOWS\SYSTEM32\CRYPTSP.dll
0x00007fff61d70000 - 0x00007fff61da4000 	C:\WINDOWS\system32\rsaenh.dll
0x00007fff62c80000 - 0x00007fff62cae000 	C:\WINDOWS\SYSTEM32\USERENV.dll
0x00007fff626a0000 - 0x00007fff626ac000 	C:\WINDOWS\SYSTEM32\CRYPTBASE.dll
0x00007fff62140000 - 0x00007fff6217b000 	C:\WINDOWS\SYSTEM32\IPHLPAPI.DLL
0x00007fff63840000 - 0x00007fff63848000 	C:\WINDOWS\System32\NSI.dll
0x00007fff5d300000 - 0x00007fff5d317000 	C:\WINDOWS\SYSTEM32\dhcpcsvc6.DLL
0x00007fff5d1b0000 - 0x00007fff5d1cd000 	C:\WINDOWS\SYSTEM32\dhcpcsvc.DLL
0x00007fff62180000 - 0x00007fff6224a000 	C:\WINDOWS\SYSTEM32\DNSAPI.dll
0x00007fff1f350000 - 0x00007fff1f399000 	C:\Users\siako\AppData\Local\Temp\jna-109429615\jna3197828968416582460.dll
0x00007fff655b0000 - 0x00007fff655b8000 	C:\WINDOWS\System32\PSAPI.DLL

dbghelp: loaded successfully - version: 4.0.5 - missing functions: none
symbol engine: initialized successfully - sym options: 0x614 - pdb path: .;c:\Users\siako\.vscode\extensions\redhat.java-1.35.1-win32-x64\jre\17.0.12-win32-x86_64\bin;C:\WINDOWS\SYSTEM32;C:\WINDOWS\WinSxS\amd64_microsoft.windows.common-controls_6595b64144ccf1df_6.0.19041.4355_none_60b8b9eb71f62e16;c:\Users\siako\.vscode\extensions\redhat.java-1.35.1-win32-x64\jre\17.0.12-win32-x86_64\bin\server;C:\Users\siako\AppData\Roaming\Code\User\globalStorage\redhat.java\1.35.1\config_win\org.eclipse.equinox.launcher\org.eclipse.equinox.launcher.win32.win32.x86_64_1.2.1100.v20240722-2106;C:\Users\siako\AppData\Local\Temp\jna-109429615

VM Arguments:
jvm_args: --add-modules=ALL-SYSTEM --add-opens=java.base/java.util=ALL-UNNAMED --add-opens=java.base/java.lang=ALL-UNNAMED --add-opens=java.base/sun.nio.fs=ALL-UNNAMED -Declipse.application=org.eclipse.jdt.ls.core.id1 -Dosgi.bundles.defaultStartLevel=4 -Declipse.product=org.eclipse.jdt.ls.core.product -Djava.import.generatesMetadataFilesAtProjectRoot=false -DDetectVMInstallationsJob.disabled=true -Dfile.encoding=utf8 -XX:+UseParallelGC -XX:GCTimeRatio=4 -XX:AdaptiveSizePolicyWeight=90 -Dsun.zip.disableMemoryMapping=true -Xmx1G -Xms100m -Xlog:disable -javaagent:c:\Users\siako\.vscode\extensions\redhat.java-1.35.1-win32-x64\lombok\lombok-1.18.33.jar -XX:+HeapDumpOnOutOfMemoryError -XX:HeapDumpPath=c:\Users\siako\AppData\Roaming\Code\User\workspaceStorage\c2bc461bd057eea92bbd551415d8602b\redhat.java -Daether.dependencyCollector.impl=bf 
java_command: c:\Users\siako\.vscode\extensions\redhat.java-1.35.1-win32-x64\server\plugins\org.eclipse.equinox.launcher_1.6.900.v20240613-2009.jar -configuration c:\Users\siako\AppData\Roaming\Code\User\globalStorage\redhat.java\1.35.1\config_win -data c:\Users\siako\AppData\Roaming\Code\User\workspaceStorage\c2bc461bd057eea92bbd551415d8602b\redhat.java\jdt_ws --pipe=\\.\pipe\lsp-63f1b42713f0b01585be4a6d5203f075-sock
java_class_path (initial): c:\Users\siako\.vscode\extensions\redhat.java-1.35.1-win32-x64\server\plugins\org.eclipse.equinox.launcher_1.6.900.v20240613-2009.jar
Launcher Type: SUN_STANDARD

[Global flags]
    uintx AdaptiveSizePolicyWeight                 = 90                                        {product} {command line}
     intx CICompilerCount                          = 3                                         {product} {ergonomic}
    uintx GCTimeRatio                              = 4                                         {product} {command line}
     bool HeapDumpOnOutOfMemoryError               = true                                   {manageable} {command line}
    ccstr HeapDumpPath                             = c:\Users\siako\AppData\Roaming\Code\User\workspaceStorage\c2bc461bd057eea92bbd551415d8602b\redhat.java         {manageable} {command line}
   size_t InitialHeapSize                          = 104857600                                 {product} {command line}
   size_t MaxHeapSize                              = 1073741824                                {product} {command line}
   size_t MaxNewSize                               = 357564416                                 {product} {ergonomic}
   size_t MinHeapDeltaBytes                        = 524288                                    {product} {ergonomic}
   size_t MinHeapSize                              = 104857600                                 {product} {command line}
   size_t NewSize                                  = 34603008                                  {product} {ergonomic}
    uintx NonNMethodCodeHeapSize                   = 5832780                                {pd product} {ergonomic}
    uintx NonProfiledCodeHeapSize                  = 122912730                              {pd product} {ergonomic}
   size_t OldSize                                  = 70254592                                  {product} {ergonomic}
    uintx ProfiledCodeHeapSize                     = 122912730                              {pd product} {ergonomic}
    uintx ReservedCodeCacheSize                    = 251658240                              {pd product} {ergonomic}
     bool SegmentedCodeCache                       = true                                      {product} {ergonomic}
   size_t SoftMaxHeapSize                          = 1073741824                             {manageable} {ergonomic}
     bool UseCompressedClassPointers               = true                           {product lp64_product} {ergonomic}
     bool UseCompressedOops                        = true                           {product lp64_product} {ergonomic}
     bool UseLargePagesIndividualAllocation        = false                                  {pd product} {ergonomic}
     bool UseParallelGC                            = true                                      {product} {command line}

Logging:
Log output configuration:
 #0: stdout all=off uptime,level,tags
 #1: stderr all=off uptime,level,tags

Environment Variables:
JAVA_HOME=C:\Users\siako\AppData\Local\Programs\Eclipse Adoptium\jdk-17.0.11.9-hotspot\
PATH=C:\Users\siako\AppData\Local\Programs\Python\Python312\Scripts\;C:\Users\siako\AppData\Local\Programs\Python\Python312\;C:\Program Files\Common Files\Oracle\Java\javapath;C:\Program Files (x86)\Common Files\Oracle\Java\javapath;C:\WINDOWS\system32;C:\WINDOWS;C:\WINDOWS\System32\Wbem;C:\WINDOWS\System32\WindowsPowerShell\v1.0\;C:\WINDOWS\System32\OpenSSH\;C:\Program Files (x86)\dotnet\;C:\Program Files\NVIDIA Corporation\NVIDIA NvDLISR;C:\Program Files (x86)\NVIDIA Corporation\PhysX\Common;C:\Program Files\Git\cmd;C:\Program Files\Java\jdk-22\bin;C:\msys64\mingw64\bin;C:\MinGW\bin;C:\ProgramData\chocolatey\bin;C:\xampp\php;C:\ProgramData\ComposerSetup\bin;C:\Users\siako\AppData\Roaming\nvm;C:\Program Files\nodejs;C:\Users\siako\.fly\bin;C:\Program Files\Java\jdk-22\bin;D:\CODINGS\VSCODE\VS\Microsoft VS Code\bin;C:\Users\siako\AppData\Roaming\Composer\vendor\bin;C:\Users\siako\AppData\Roaming\nvm;C:\Program Files\nodejs;C:\Program Files\JetBrains\IntelliJ IDEA 2024.2.1\bin;;C:\Program Files\JetBrains\IntelliJ IDEA Community Edition 2024.2.1\bin;;C:\Users\siako\.fly\bin
USERNAME=siako
OS=Windows_NT
PROCESSOR_IDENTIFIER=Intel64 Family 6 Model 60 Stepping 3, GenuineIntel
TMP=C:\Users\siako\AppData\Local\Temp
TEMP=C:\Users\siako\AppData\Local\Temp



Periodic native trim disabled


---------------  S Y S T E M  ---------------

OS:
 Windows 10 , 64 bit Build 19041 (10.0.19041.4957)
OS uptime: 0 days 11:27 hours
Hyper-V role detected

CPU: total 4 (initial active 4) (4 cores per cpu, 1 threads per core) family 6 model 60 stepping 3 microcode 0x27, cx8, cmov, fxsr, mmx, sse, sse2, sse3, ssse3, sse4.1, sse4.2, popcnt, lzcnt, tsc, tscinvbit, avx, avx2, erms, clmul, bmi1, bmi2, fma, vzeroupper, clflush, hv
Processor Information for all 4 processors :
  Max Mhz: 3401, Current Mhz: 3401, Mhz Limit: 3401

Memory: 4k page, system-wide physical 12215M (767M free)
TotalPageFile size 15848M (AvailPageFile size 6M)
current process WorkingSet (physical memory assigned to process): 253M, peak: 262M
current process commit charge ("private bytes"): 314M, peak: 323M

vm_info: OpenJDK 64-Bit Server VM (17.0.12+7) for windows-amd64 JRE (17.0.12+7), built on Jul 16 2024 22:08:24 by "admin" with MS VC++ 16.10 / 16.11 (VS2019)

END.
